<?xml version="1.0" encoding="UTF-8"?>
<coverage generated="1653082489771" clover="3.2.0">
  <project timestamp="1653082489772" name="All files">
    <metrics statements="14" coveredstatements="12" conditionals="4" coveredconditionals="2" methods="3" coveredmethods="3" elements="21" coveredelements="17" complexity="0" loc="14" ncloc="14" packages="2" files="2" classes="2"/>
    <package name="src">
      <metrics statements="7" coveredstatements="6" conditionals="2" coveredconditionals="1" methods="2" coveredmethods="2"/>
      <file name="likesCount.js" path="C:\Users\Tahenyy Belguith\Desktop\microverse\module2\cap\Kano-Tah-Movies\src\likesCount.js">
        <metrics statements="7" coveredstatements="6" conditionals="2" coveredconditionals="1" methods="2" coveredmethods="2"/>
        <line num="1" count="1" type="stmt"/>
        <line num="2" count="2" type="stmt"/>
        <line num="3" count="2" type="stmt"/>
        <line num="4" count="2" type="cond" truecount="1" falsecount="1"/>
        <line num="5" count="0" type="stmt"/>
        <line num="7" count="2" type="stmt"/>
        <line num="9" count="2" type="stmt"/>
      </file>
    </package>
    <package name="src.modules">
      <metrics statements="7" coveredstatements="6" conditionals="2" coveredconditionals="1" methods="1" coveredmethods="1"/>
      <file name="comments-counter.js" path="C:\Users\Tahenyy Belguith\Desktop\microverse\module2\cap\Kano-Tah-Movies\src\modules\comments-counter.js">
        <metrics statements="7" coveredstatements="6" conditionals="2" coveredconditionals="1" methods="1" coveredmethods="1"/>
        <line num="1" count="1" type="stmt"/>
        <line num="2" count="1" type="stmt"/>
        <line num="3" count="1" type="stmt"/>
        <line num="4" count="1" type="cond" truecount="1" falsecount="1"/>
        <line num="5" count="1" type="stmt"/>
        <line num="7" count="0" type="stmt"/>
        <line num="9" count="1" type="stmt"/>
      </file>
    </package>
  </project>
</coverage>
