{"C:\\Users\\Tahenyy Belguith\\Desktop\\microverse\\module2\\cap\\Kano-Tah-Movies\\src\\likesCount.js": {"path":"C:\\Users\\Tahenyy Belguith\\Desktop\\microverse\\module2\\cap\\Kano-Tah-Movies\\src\\likesCount.js","statementMap":{"0":{"start":{"line":1,"column":18},"end":{"line":10,"column":1}},"1":{"start":{"line":2,"column":15},"end":{"line":2,"column":56}},"2":{"start":{"line":2,"column":38},"end":{"line":2,"column":55}},"3":{"start":{"line":3,"column":14},"end":{"line":3,"column":15}},"4":{"start":{"line":4,"column":2},"end":{"line":8,"column":3}},"5":{"start":{"line":5,"column":4},"end":{"line":5,"column":23}},"6":{"start":{"line":7,"column":4},"end":{"line":7,"column":14}},"7":{"start":{"line":9,"column":2},"end":{"line":9,"column":15}}},"fnMap":{"0":{"name":"(anonymous_0)","decl":{"start":{"line":1,"column":18},"end":{"line":1,"column":19}},"loc":{"start":{"line":1,"column":37},"end":{"line":10,"column":1}},"line":1},"1":{"name":"(anonymous_1)","decl":{"start":{"line":2,"column":30},"end":{"line":2,"column":31}},"loc":{"start":{"line":2,"column":38},"end":{"line":2,"column":55}},"line":2}},"branchMap":{"0":{"loc":{"start":{"line":4,"column":2},"end":{"line":8,"column":3}},"type":"if","locations":[{"start":{"line":4,"column":2},"end":{"line":8,"column":3}},{"start":{"line":6,"column":9},"end":{"line":8,"column":3}}],"line":4}},"s":{"0":1,"1":2,"2":2,"3":2,"4":2,"5":0,"6":2,"7":2},"f":{"0":2,"1":2},"b":{"0":[0,2]},"_coverageSchema":"1a1c01bbd47fc00a2c39e90264f33305004495a9","hash":"27f88d68a8cfd94a66886589898c31d5adeaf94f"}
,"C:\\Users\\Tahenyy Belguith\\Desktop\\microverse\\module2\\cap\\Kano-Tah-Movies\\src\\modules\\comments-counter.js": {"path":"C:\\Users\\Tahenyy Belguith\\Desktop\\microverse\\module2\\cap\\Kano-Tah-Movies\\src\\modules\\comments-counter.js","statementMap":{"0":{"start":{"line":1,"column":22},"end":{"line":10,"column":1}},"1":{"start":{"line":2,"column":15},"end":{"line":2,"column":34}},"2":{"start":{"line":3,"column":14},"end":{"line":3,"column":15}},"3":{"start":{"line":4,"column":2},"end":{"line":8,"column":3}},"4":{"start":{"line":5,"column":4},"end":{"line":5,"column":17}},"5":{"start":{"line":7,"column":4},"end":{"line":7,"column":14}},"6":{"start":{"line":9,"column":2},"end":{"line":9,"column":15}}},"fnMap":{"0":{"name":"(anonymous_0)","decl":{"start":{"line":1,"column":22},"end":{"line":1,"column":23}},"loc":{"start":{"line":1,"column":40},"end":{"line":10,"column":1}},"line":1}},"branchMap":{"0":{"loc":{"start":{"line":4,"column":2},"end":{"line":8,"column":3}},"type":"if","locations":[{"start":{"line":4,"column":2},"end":{"line":8,"column":3}},{"start":{"line":6,"column":9},"end":{"line":8,"column":3}}],"line":4}},"s":{"0":1,"1":1,"2":1,"3":1,"4":1,"5":0,"6":1},"f":{"0":1},"b":{"0":[1,0]},"_coverageSchema":"1a1c01bbd47fc00a2c39e90264f33305004495a9","hash":"a97e5b95eecf6affd18379dd0e5310f6aadc4e76"}
}
